<?xml version="1.0" encoding="UTF-8"?>
<!-- Generated by org.testng.reporters.JUnitXMLReporter -->
<testsuite hostname="DESKTOP-GE9MV89" ignored="0" name="Regression Tests" tests="2" failures="0" timestamp="14 Mar 2021 17:04:45 GMT" time="10.639" errors="0">
  <testcase name="loginTestFacebook" time="10.611" classname="com.sanjeev.tests.regressionTests.RegressionTests"/>
  <testcase name="loginTestFacebookWithValidUser" time="10.614" classname="com.sanjeev.tests.regressionTests.RegressionTests"/>
</testsuite> <!-- Regression Tests -->
